<?xml version="1.0" encoding="UTF-8"?>
<beans xmlns="http://www.springframework.org/schema/beans"
       xmlns:xsi="http://www.w3.org/2001/XMLSchema-instance"
       xmlns:context="http://www.springframework.org/schema/context"
       xsi:schemaLocation="http://www.springframework.org/schema/beans
     http://www.springframework.org/schema/beans/spring-beans-3.2.xsd
     http://www.springframework.org/schema/context
     http://www.springframework.org/schema/context/spring-context-3.2.xsd">
    <context:component-scan base-package="com.voyageone">
        <context:exclude-filter type="annotation" expression="org.springframework.stereotype.Controller"/>
    </context:component-scan>

    <!-- 共通相关配置 -->
    <!-- DAO相关配置 -->
    <import resource="classpath*:datasource-cms2-config.xml" />
    <import resource="classpath*:datasource-config-mongo-cms2.xml" />
    <!-- SDK Client Config -->
    <!--<import resource="classpath*:sdk-client-config.xml" />-->
    <!-- MQ Config -->
    <import resource="classpath*:mq-config.xml" />
    <!-- Redis Config -->
    <import resource="classpath*:redis-config.xml" />
</beans>
