<?xml version="1.0" encoding="UTF-8"?>
<beans xmlns="http://www.springframework.org/schema/beans"
       xmlns:task="http://www.springframework.org/schema/task"
       xmlns:xsi="http://www.w3.org/2001/XMLSchema-instance"
       xmlns:context="http://www.springframework.org/schema/context"
       xsi:schemaLocation="http://www.springframework.org/schema/beans
     http://www.springframework.org/schema/beans/spring-beans-3.2.xsd  
     http://www.springframework.org/schema/context  
     http://www.springframework.org/schema/context/spring-context-3.2.xsd">

    <!-- 类扫描路径配置 -->
    <context:component-scan base-package="com.voyageone"/>

    <import resource="classpath*:datasource-cms2-config.xml" />
    <import resource="classpath*:datasource-config-mongo-cms2.xml" />
    <!-- MQ Config -->
    <import resource="classpath*:mq-config.xml" />
    <!-- Redis Config -->
    <import resource="classpath*:redis-config.xml" />

    <!-- 初始化处理 -->
    <!--<bean class="com.voyageone.common.configs.Initializer" init-method="init"/>-->
    <!-- <bean id="initial" class="com.voyageone.batch.bi.configs.Initializer" init-method="init"/>-->



</beans>